[35m[Appium][39m Welcome to Appium v1.19.0
[35m[Appium][39m Non-default server args:
[35m[Appium][39m   port: 58754
[35m[Appium][39m   loglevel: info
[35m[Appium][39m   tmpDir: C:\Users\BRI\AppData\Local\Temp\\Katalon\Appium\Temp1605711421158
[35m[Appium][39m   chromedriverPort: 58755
[35m[Appium][39m Deprecated server args:
[35m[Appium][39m   [31m--chromedriver-port[39m => --default-capabilities
[35m[Appium][39m Default capabilities, which will be added to each request unless overridden by desired capabilities:
[35m[Appium][39m   chromedriverPort: 58755
[35m[Appium][39m Appium REST http interface listener started on 0.0.0.0:58754
[35m[HTTP][39m [37m-->[39m [37mGET[39m [37m/wd/hub/status[39m
[35m[HTTP][39m [90m{}[39m
[35m[HTTP][39m [37m<-- GET /wd/hub/status [39m[32m200[39m [90m7 ms - 68[39m
[35m[HTTP][39m [90m[39m
[35m[HTTP][39m [37m-->[39m [37mGET[39m [37m/wd/hub/status[39m
[35m[HTTP][39m [90m{}[39m
[35m[HTTP][39m [37m<-- GET /wd/hub/status [39m[32m200[39m [90m2 ms - 68[39m
[35m[HTTP][39m [90m[39m
[35m[HTTP][39m [37m-->[39m [37mPOST[39m [37m/wd/hub/session[39m
[35m[HTTP][39m [90m{"desiredCapabilities":{"app":"C:\\Users\\BRI\\Downloads\\ECommerceSAMPLEAndroid-201016-115534.apk","noReset":true,"deviceName":"emulator-5554 (sdk_gphone_x86_arm - Android 11)","fullReset":false,"platform":"ANDROID","newCommandTimeout":1800,"platformVersion":"11","automationName":"uiautomator2","autoGrantPermissions":true,"platformName":"Android","udid":"emulator-5554","systemPort":58801},"capabilities":{"firstMatch":[{"appium:app":"C:\\Users\\BRI\\Downloads\\ECommerceSAMPLEAndroid-201016-115534.apk","appium:autoGrantPermissions":true,"appium:automationName":"uiautomator2","appium:deviceName":"emulator-5554 (sdk_gphone_x86_arm - Android 11)","appium:fullReset":false,"appium:newCommandTimeout":1800,"appium:noReset":true,"platform":"ANDROID","platformName":"android","appium:platformVersion":"11","appium:systemPort":58801,"appium:udid":"emulator-5554"}]}}[39m
[35m[BaseDriver][39m The following capabilities are not standard capabilities and should have an extension prefix:
[35m[BaseDriver][39m   platform
[35m[BaseDriver][39m   chromedriverPort
[35m[Appium][39m Appium v1.19.0 creating new AndroidUiautomator2Driver (v1.59.0) session
[35m[BaseDriver][39m The following capabilities were provided, but are not recognized by Appium:
[35m[BaseDriver][39m   platform
[35m[BaseDriver][39m Session created with session id: ce00080c-250a-43d3-8373-9206a22bed35
[35m[BaseDriver][39m Using local app 'C:\Users\BRI\Downloads\ECommerceSAMPLEAndroid-201016-115534.apk'
[35m[ADB][39m Found 1 'build-tools' folders under 'C:\Users\BRI\.katalon\tools\android_sdk' (newest first):
[35m[ADB][39m     C:/Users/BRI/.katalon/tools/android_sdk/build-tools/29.0.3
[35m[ADB][39m Using 'adb.exe' from 'C:\Users\BRI\.katalon\tools\android_sdk\platform-tools\adb.exe'
[35m[AndroidDriver][39m Retrieving device list
[35m[AndroidDriver][39m Using device: emulator-5554
[35m[ADB][39m Using 'adb.exe' from 'C:\Users\BRI\.katalon\tools\android_sdk\platform-tools\adb.exe'
[35m[ADB][39m Getting device platform version
[35m[UiAutomator2][39m Relaxing hidden api policy
[35m[ADB][39m Package name: 'com.solodroid.solomerce'
[35m[ADB][39m Main activity name: 'com.solodroid.solomerce.activities.ActivitySplash'
[35m[ADB][39m Using 'apksigner.jar' from 'C:\Users\BRI\.katalon\tools\android_sdk\build-tools\29.0.3\lib\apksigner.jar'
[35m[ADB][39m 'C:\Users\BRI\AppData\Roaming\npm\node_modules\appium\node_modules\appium-uiautomator2-server\apks\appium-uiautomator2-server-v4.15.0.apk' is signed with the default certificate
[35m[ADB][39m 'C:\Users\BRI\AppData\Roaming\npm\node_modules\appium\node_modules\appium-uiautomator2-server\apks\appium-uiautomator2-server-debug-androidTest.apk' is signed with the default certificate
[35m[UiAutomator2][39m Server packages are not going to be (re)installed
[35m[ADB][39m 'C:\Users\BRI\Downloads\ECommerceSAMPLEAndroid-201016-115534.apk' is signed with a non-default certificate
[35m[ADB][39m The application at 'C:\Users\BRI\Downloads\ECommerceSAMPLEAndroid-201016-115534.apk' will not be cached, because the device under test has confirmed the support of streamed installs
[35m[ADB][39m The installation of 'ECommerceSAMPLEAndroid-201016-115534.apk' took 2288ms
[35m[UiAutomator2][39m Starting UIAutomator2 server 4.15.0
[35m[UiAutomator2][39m Using UIAutomator2 server from 'C:\Users\BRI\AppData\Roaming\npm\node_modules\appium\node_modules\appium-uiautomator2-server\apks\appium-uiautomator2-server-v4.15.0.apk' and test from 'C:\Users\BRI\AppData\Roaming\npm\node_modules\appium\node_modules\appium-uiautomator2-server\apks\appium-uiautomator2-server-debug-androidTest.apk'
[35m[UiAutomator2][39m Waiting up to 30000ms for UiAutomator2 to be online...
[35m[WD Proxy][39m socket hang up
[35m[WD Proxy][39m socket hang up
[35m[WD Proxy][39m socket hang up
[35m[WD Proxy][39m socket hang up
[35m[WD Proxy][39m Determined the downstream protocol as 'W3C'
[35m[AndroidDriver][39m Screen already unlocked, doing nothing
[35m[UiAutomator2][39m Starting 'com.solodroid.solomerce/com.solodroid.solomerce.activities.ActivitySplash and waiting for 'com.solodroid.solomerce/com.solodroid.solomerce.activities.ActivitySplash'
[35m[Appium][39m New AndroidUiautomator2Driver session created successfully, session ce00080c-250a-43d3-8373-9206a22bed35 added to master session list
[35m[HTTP][39m [37m<-- POST /wd/hub/session [39m[32m200[39m [90m17374 ms - 1327[39m
[35m[HTTP][39m [90m[39m
[35m[HTTP][39m [37m-->[39m [37mGET[39m [37m/wd/hub/session/ce00080c-250a-43d3-8373-9206a22bed35[39m
[35m[HTTP][39m [90m{}[39m
[35m[HTTP][39m [37m<-- GET /wd/hub/session/ce00080c-250a-43d3-8373-9206a22bed35 [39m[32m200[39m [90m27 ms - 1281[39m
[35m[HTTP][39m [90m[39m
[35m[HTTP][39m [37m-->[39m [37mGET[39m [37m/wd/hub/session/ce00080c-250a-43d3-8373-9206a22bed35[39m
[35m[HTTP][39m [90m{}[39m
[35m[HTTP][39m [37m<-- GET /wd/hub/session/ce00080c-250a-43d3-8373-9206a22bed35 [39m[32m200[39m [90m36 ms - 1281[39m
[35m[HTTP][39m [90m[39m
[35m[HTTP][39m [37m-->[39m [37mGET[39m [37m/wd/hub/status[39m
[35m[HTTP][39m [90m{}[39m
[35m[HTTP][39m [37m<-- GET /wd/hub/status [39m[32m200[39m [90m2 ms - 68[39m
[35m[HTTP][39m [90m[39m
[35m[HTTP][39m [37m-->[39m [37mPOST[39m [37m/wd/hub/session/ce00080c-250a-43d3-8373-9206a22bed35/timeouts[39m
[35m[HTTP][39m [90m{"implicit":60000}[39m
[35m[HTTP][39m [37m<-- POST /wd/hub/session/ce00080c-250a-43d3-8373-9206a22bed35/timeouts [39m[32m200[39m [90m8 ms - 14[39m
[35m[HTTP][39m [90m[39m
[35m[HTTP][39m [37m-->[39m [37mGET[39m [37m/wd/hub/session/ce00080c-250a-43d3-8373-9206a22bed35/source[39m
[35m[HTTP][39m [90m{}[39m
[35m[W3C (ce00080c)][39m Driver proxy active, passing request on via HTTP proxy
[35m[WD Proxy][39m Replacing sessionId c39d6d64-b759-4959-a22d-ea161b935971 with ce00080c-250a-43d3-8373-9206a22bed35
[35m[HTTP][39m [37m<-- GET /wd/hub/session/ce00080c-250a-43d3-8373-9206a22bed35/source [39m[32m200[39m [90m227 ms - 3679[39m
[35m[HTTP][39m [90m[39m
[35m[HTTP][39m [37m-->[39m [37mGET[39m [37m/wd/hub/session/ce00080c-250a-43d3-8373-9206a22bed35/screenshot[39m
[35m[HTTP][39m [90m{}[39m
[35m[HTTP][39m [37m<-- GET /wd/hub/session/ce00080c-250a-43d3-8373-9206a22bed35/screenshot [39m[32m200[39m [90m1519 ms - 348028[39m
[35m[HTTP][39m [90m[39m
[35m[HTTP][39m [37m-->[39m [37mGET[39m [37m/wd/hub/session/ce00080c-250a-43d3-8373-9206a22bed35/source[39m
[35m[HTTP][39m [90m{}[39m
[35m[W3C (ce00080c)][39m Driver proxy active, passing request on via HTTP proxy
[35m[WD Proxy][39m Replacing sessionId c39d6d64-b759-4959-a22d-ea161b935971 with ce00080c-250a-43d3-8373-9206a22bed35
[35m[HTTP][39m [37m<-- GET /wd/hub/session/ce00080c-250a-43d3-8373-9206a22bed35/source [39m[32m200[39m [90m403 ms - 34087[39m
[35m[HTTP][39m [90m[39m
[35m[HTTP][39m [37m-->[39m [37mGET[39m [37m/wd/hub/session/ce00080c-250a-43d3-8373-9206a22bed35/screenshot[39m
[35m[HTTP][39m [90m{}[39m
[35m[HTTP][39m [37m<-- GET /wd/hub/session/ce00080c-250a-43d3-8373-9206a22bed35/screenshot [39m[32m200[39m [90m2110 ms - 1543998[39m
[35m[HTTP][39m [90m[39m
[35m[HTTP][39m [37m-->[39m [37mPOST[39m [37m/wd/hub/session/ce00080c-250a-43d3-8373-9206a22bed35/elements[39m
[35m[HTTP][39m [90m{"using":"id","value":"com.solodroid.solomerce:id/icon"}[39m
[35m[HTTP][39m [37m<-- POST /wd/hub/session/ce00080c-250a-43d3-8373-9206a22bed35/elements [39m[32m200[39m [90m185 ms - 523[39m
[35m[HTTP][39m [90m[39m
[35m[HTTP][39m [37m-->[39m [37mPOST[39m [37m/wd/hub/session/ce00080c-250a-43d3-8373-9206a22bed35/elements[39m
[35m[HTTP][39m [90m{"using":"-android uiautomator","value":"new UiSelector().className(\"android.widget.ImageView\").resourceId(\"com.solodroid.solomerce:id/icon\").packageName(\"com.solodroid.solomerce\").enabled(true).clickable(false).longClickable(false).checkable(false).checked(false).focusable(false).focused(false).scrollable(false).selected(false).index(1)"}[39m
[35m[HTTP][39m [37m<-- POST /wd/hub/session/ce00080c-250a-43d3-8373-9206a22bed35/elements [39m[32m200[39m [90m343 ms - 395[39m
[35m[HTTP][39m [90m[39m
[35m[HTTP][39m [37m-->[39m [37mGET[39m [37m/wd/hub/session/ce00080c-250a-43d3-8373-9206a22bed35/window/rect[39m
[35m[HTTP][39m [90m{}[39m
[35m[HTTP][39m [37m<-- GET /wd/hub/session/ce00080c-250a-43d3-8373-9206a22bed35/window/rect [39m[32m200[39m [90m38 ms - 50[39m
[35m[HTTP][39m [90m[39m
[35m[HTTP][39m [37m-->[39m [37mPOST[39m [37m/wd/hub/session/ce00080c-250a-43d3-8373-9206a22bed35/elements[39m
[35m[HTTP][39m [90m{"using":"xpath","value":"//hierarchy/android.widget.FrameLayout[1]/android.widget.LinearLayout[1]/android.widget.FrameLayout[1]/android.widget.LinearLayout[1]/android.widget.FrameLayout[1]/android.widget.RelativeLayout[1]/android.widget.FrameLayout[1]/android.view.ViewGroup[1]/android.widget.FrameLayout[2]/android.widget.ImageView[1]"}[39m
[35m[HTTP][39m [37m<-- POST /wd/hub/session/ce00080c-250a-43d3-8373-9206a22bed35/elements [39m[32m200[39m [90m429 ms - 139[39m
[35m[HTTP][39m [90m[39m
[35m[HTTP][39m [37m-->[39m [37mGET[39m [37m/wd/hub/session/ce00080c-250a-43d3-8373-9206a22bed35/element/a84fe430-3589-4ed6-9ec3-482d8b98feeb/location[39m
[35m[HTTP][39m [90m{}[39m
[35m[W3C (ce00080c)][39m Driver proxy active, passing request on via HTTP proxy
[35m[WD Proxy][39m Replacing sessionId c39d6d64-b759-4959-a22d-ea161b935971 with ce00080c-250a-43d3-8373-9206a22bed35
[35m[HTTP][39m [37m<-- GET /wd/hub/session/ce00080c-250a-43d3-8373-9206a22bed35/element/a84fe430-3589-4ed6-9ec3-482d8b98feeb/location [39m[32m200[39m [90m34 ms - 79[39m
[35m[HTTP][39m [90m[39m
[35m[HTTP][39m [37m-->[39m [37mPOST[39m [37m/wd/hub/session/ce00080c-250a-43d3-8373-9206a22bed35/touch/perform[39m
[35m[HTTP][39m [90m{"actions":[{"action":"tap","options":{"x":1,"y":1,"element":"a84fe430-3589-4ed6-9ec3-482d8b98feeb"}}]}[39m
[35m[UiAutomator2][39m calling get location: a84fe430-3589-4ed6-9ec3-482d8b98feeb
[35m[HTTP][39m [37m<-- POST /wd/hub/session/ce00080c-250a-43d3-8373-9206a22bed35/touch/perform [39m[32m200[39m [90m1277 ms - 14[39m
[35m[HTTP][39m [90m[39m
[35m[HTTP][39m [37m-->[39m [37mGET[39m [37m/wd/hub/session/ce00080c-250a-43d3-8373-9206a22bed35/source[39m
[35m[HTTP][39m [90m{}[39m
[35m[W3C (ce00080c)][39m Driver proxy active, passing request on via HTTP proxy
[35m[WD Proxy][39m Replacing sessionId c39d6d64-b759-4959-a22d-ea161b935971 with ce00080c-250a-43d3-8373-9206a22bed35
[35m[HTTP][39m [37m<-- GET /wd/hub/session/ce00080c-250a-43d3-8373-9206a22bed35/source [39m[32m200[39m [90m354 ms - 33692[39m
[35m[HTTP][39m [90m[39m
[35m[HTTP][39m [37m-->[39m [37mGET[39m [37m/wd/hub/session/ce00080c-250a-43d3-8373-9206a22bed35/screenshot[39m
[35m[HTTP][39m [90m{}[39m
[35m[HTTP][39m [37m<-- GET /wd/hub/session/ce00080c-250a-43d3-8373-9206a22bed35/screenshot [39m[32m200[39m [90m591 ms - 293868[39m
[35m[HTTP][39m [90m[39m
[35m[HTTP][39m [37m-->[39m [37mPOST[39m [37m/wd/hub/session/ce00080c-250a-43d3-8373-9206a22bed35/elements[39m
[35m[HTTP][39m [90m{"using":"id","value":"com.solodroid.solomerce:id/category_name"}[39m
[35m[HTTP][39m [37m<-- POST /wd/hub/session/ce00080c-250a-43d3-8373-9206a22bed35/elements [39m[32m200[39m [90m63 ms - 779[39m
[35m[HTTP][39m [90m[39m
[35m[HTTP][39m [37m-->[39m [37mPOST[39m [37m/wd/hub/session/ce00080c-250a-43d3-8373-9206a22bed35/elements[39m
[35m[HTTP][39m [90m{"using":"-android uiautomator","value":"new UiSelector().className(\"android.widget.TextView\").text(\"Office & Industry\").resourceId(\"com.solodroid.solomerce:id/category_name\").packageName(\"com.solodroid.solomerce\").enabled(true).clickable(false).longClickable(false).checkable(false).checked(false).focusable(false).focused(false).scrollable(false).selected(false).index(0)"}[39m
[35m[HTTP][39m [37m<-- POST /wd/hub/session/ce00080c-250a-43d3-8373-9206a22bed35/elements [39m[32m200[39m [90m77 ms - 139[39m
[35m[HTTP][39m [90m[39m
[35m[HTTP][39m [37m-->[39m [37mGET[39m [37m/wd/hub/session/ce00080c-250a-43d3-8373-9206a22bed35/window/rect[39m
[35m[HTTP][39m [90m{}[39m
[35m[HTTP][39m [37m<-- GET /wd/hub/session/ce00080c-250a-43d3-8373-9206a22bed35/window/rect [39m[32m200[39m [90m12 ms - 50[39m
[35m[HTTP][39m [90m[39m
[35m[HTTP][39m [37m-->[39m [37mPOST[39m [37m/wd/hub/session/ce00080c-250a-43d3-8373-9206a22bed35/elements[39m
[35m[HTTP][39m [90m{"using":"-android uiautomator","value":"new UiSelector().className(\"android.widget.TextView\").text(\"Office & Industry\").resourceId(\"com.solodroid.solomerce:id/category_name\").packageName(\"com.solodroid.solomerce\").enabled(true).clickable(false).longClickable(false).checkable(false).checked(false).focusable(false).focused(false).scrollable(false).selected(false).index(0)"}[39m
[35m[HTTP][39m [37m<-- POST /wd/hub/session/ce00080c-250a-43d3-8373-9206a22bed35/elements [39m[32m200[39m [90m78 ms - 139[39m
[35m[HTTP][39m [90m[39m
[35m[HTTP][39m [37m-->[39m [37mGET[39m [37m/wd/hub/session/ce00080c-250a-43d3-8373-9206a22bed35/element/e4d779b7-8384-4059-b273-b1fbcee75196/location[39m
[35m[HTTP][39m [90m{}[39m
[35m[W3C (ce00080c)][39m Driver proxy active, passing request on via HTTP proxy
[35m[WD Proxy][39m Replacing sessionId c39d6d64-b759-4959-a22d-ea161b935971 with ce00080c-250a-43d3-8373-9206a22bed35
[35m[HTTP][39m [37m<-- GET /wd/hub/session/ce00080c-250a-43d3-8373-9206a22bed35/element/e4d779b7-8384-4059-b273-b1fbcee75196/location [39m[32m200[39m [90m36 ms - 79[39m
[35m[HTTP][39m [90m[39m
[35m[HTTP][39m [37m-->[39m [37mPOST[39m [37m/wd/hub/session/ce00080c-250a-43d3-8373-9206a22bed35/touch/perform[39m
[35m[HTTP][39m [90m{"actions":[{"action":"tap","options":{"x":1,"y":1,"element":"e4d779b7-8384-4059-b273-b1fbcee75196"}}]}[39m
[35m[UiAutomator2][39m calling get location: e4d779b7-8384-4059-b273-b1fbcee75196
[35m[HTTP][39m [37m<-- POST /wd/hub/session/ce00080c-250a-43d3-8373-9206a22bed35/touch/perform [39m[32m200[39m [90m1587 ms - 14[39m
[35m[HTTP][39m [90m[39m
